SF:/Users/teklund/git/teklund/po_editor_downloader/lib/src/argument_value_parser.dart
DA:20,1
DA:21,2
DA:22,2
DA:23,4
LF:4
LH:4
end_of_record
SF:/Users/teklund/git/teklund/po_editor_downloader/lib/src/config_reader.dart
DA:28,1
DA:29,1
DA:40,2
DA:42,2
DA:44,2
DA:48,2
DA:49,2
DA:51,2
DA:56,2
DA:63,2
DA:65,2
DA:66,1
DA:69,1
DA:70,3
DA:73,0
DA:79,2
DA:80,2
DA:81,2
DA:82,4
DA:83,10
DA:87,0
DA:91,2
DA:92,2
DA:93,0
DA:94,2
DA:95,0
LF:26
LH:22
end_of_record
SF:/Users/teklund/git/teklund/po_editor_downloader/lib/src/language.dart
DA:19,0
DA:28,0
DA:29,0
DA:30,0
DA:31,0
DA:32,0
DA:33,0
DA:34,0
DA:38,0
DA:40,0
LF:10
LH:0
end_of_record
SF:/Users/teklund/git/teklund/po_editor_downloader/lib/src/po_editor_config.dart
DA:33,2
DA:47,2
DA:49,2
DA:50,2
DA:57,2
DA:59,4
DA:60,4
DA:61,4
DA:62,4
DA:63,4
DA:68,2
DA:69,2
DA:70,2
DA:71,2
DA:72,2
DA:73,2
DA:74,2
DA:75,4
DA:82,1
DA:83,1
DA:84,2
DA:92,2
DA:97,2
DA:98,4
DA:100,5
DA:102,6
DA:103,6
DA:104,6
DA:106,6
DA:113,2
DA:114,2
DA:116,6
DA:117,2
DA:124,6
DA:125,1
DA:132,2
DA:133,4
DA:138,1
DA:146,1
DA:147,1
DA:148,0
DA:149,1
DA:150,1
DA:151,1
DA:152,1
DA:156,1
DA:158,1
DA:159,1
DA:160,1
DA:161,1
DA:162,1
DA:163,1
DA:164,1
DA:168,2
DA:170,2
DA:171,2
DA:172,2
DA:173,4
DA:174,1
DA:186,2
DA:188,0
DA:189,0
LF:62
LH:59
end_of_record
SF:/Users/teklund/git/teklund/po_editor_downloader/lib/src/po_editor_service.dart
DA:24,0
DA:32,0
DA:33,0
DA:34,0
DA:35,0
DA:37,0
DA:38,0
DA:39,0
DA:40,0
DA:42,0
DA:44,0
DA:49,0
DA:50,0
DA:51,0
DA:52,0
DA:53,0
DA:54,0
DA:55,0
DA:56,0
DA:57,0
DA:58,0
DA:59,0
DA:63,0
DA:64,0
DA:65,0
DA:66,0
DA:67,0
DA:69,0
LF:28
LH:0
end_of_record
SF:/Users/teklund/git/teklund/po_editor_downloader/lib/src/re_case.dart
DA:7,1
DA:8,3
DA:24,1
DA:25,1
DA:26,1
DA:27,2
DA:29,3
DA:30,1
DA:31,5
DA:33,2
DA:37,1
DA:40,2
DA:41,2
DA:44,2
DA:45,1
DA:55,1
DA:56,4
DA:58,2
DA:59,3
DA:62,1
DA:69,2
DA:70,2
DA:71,2
LF:23
LH:23
end_of_record
